[1031/102526.733:ERROR:directory_reader_win.cc(43)] FindFirstFile: The system cannot find the path specified. (0x3)
[1031/103755.233:ERROR:directory_reader_win.cc(43)] FindFirstFile: The system cannot find the path specified. (0x3)
[1031/112804.867:ERROR:directory_reader_win.cc(43)] FindFirstFile: The system cannot find the path specified. (0x3)
[1031/114521.562:ERROR:directory_reader_win.cc(43)] FindFirstFile: The system cannot find the path specified. (0x3)
[1031/125319.502:ERROR:directory_reader_win.cc(43)] FindFirstFile: The system cannot find the path specified. (0x3)
[1031/130126.475:ERROR:directory_reader_win.cc(43)] FindFirstFile: The system cannot find the path specified. (0x3)
[1031/141122.916:ERROR:directory_reader_win.cc(43)] FindFirstFile: The system cannot find the path specified. (0x3)
[1031/143059.815:ERROR:directory_reader_win.cc(43)] FindFirstFile: The system cannot find the path specified. (0x3)
[1031/145055.990:ERROR:directory_reader_win.cc(43)] FindFirstFile: The system cannot find the path specified. (0x3)
[1031/150214.393:ERROR:directory_reader_win.cc(43)] FindFirstFile: The system cannot find the path specified. (0x3)
[1031/153818.531:ERROR:directory_reader_win.cc(43)] FindFirstFile: The system cannot find the path specified. (0x3)
[1031/160104.156:ERROR:directory_reader_win.cc(43)] FindFirstFile: The system cannot find the path specified. (0x3)
[1031/193444.254:ERROR:directory_reader_win.cc(43)] FindFirstFile: The system cannot find the path specified. (0x3)
[1031/195703.202:ERROR:directory_reader_win.cc(43)] FindFirstFile: The system cannot find the path specified. (0x3)
[1031/203553.531:ERROR:directory_reader_win.cc(43)] FindFirstFile: The system cannot find the path specified. (0x3)
[1031/220707.337:ERROR:directory_reader_win.cc(43)] FindFirstFile: The system cannot find the path specified. (0x3)
[1031/222929.352:ERROR:directory_reader_win.cc(43)] FindFirstFile: The system cannot find the path specified. (0x3)
[1101/000111.900:ERROR:directory_reader_win.cc(43)] FindFirstFile: The system cannot find the path specified. (0x3)
[1101/131825.716:ERROR:directory_reader_win.cc(43)] FindFirstFile: The system cannot find the path specified. (0x3)
[1101/153319.951:ERROR:directory_reader_win.cc(43)] FindFirstFile: The system cannot find the path specified. (0x3)
[1101/171105.629:ERROR:directory_reader_win.cc(43)] FindFirstFile: The system cannot find the path specified. (0x3)
[1101/180715.378:ERROR:directory_reader_win.cc(43)] FindFirstFile: The system cannot find the path specified. (0x3)
[1101/192624.286:ERROR:directory_reader_win.cc(43)] FindFirstFile: The system cannot find the path specified. (0x3)
[1101/203336.906:ERROR:directory_reader_win.cc(43)] FindFirstFile: The system cannot find the path specified. (0x3)
[1101/220428.226:ERROR:directory_reader_win.cc(43)] FindFirstFile: The system cannot find the path specified. (0x3)
[1101/235139.790:ERROR:directory_reader_win.cc(43)] FindFirstFile: The system cannot find the path specified. (0x3)
[1102/000252.300:ERROR:directory_reader_win.cc(43)] FindFirstFile: The system cannot find the path specified. (0x3)
[1102/002730.256:ERROR:directory_reader_win.cc(43)] FindFirstFile: The system cannot find the path specified. (0x3)
[1102/005514.348:ERROR:directory_reader_win.cc(43)] FindFirstFile: The system cannot find the path specified. (0x3)
[1102/080202.721:ERROR:directory_reader_win.cc(43)] FindFirstFile: The system cannot find the path specified. (0x3)
[1102/082938.065:ERROR:directory_reader_win.cc(43)] FindFirstFile: The system cannot find the path specified. (0x3)
[1102/092146.763:ERROR:directory_reader_win.cc(43)] FindFirstFile: The system cannot find the path specified. (0x3)
[1102/095233.134:ERROR:directory_reader_win.cc(43)] FindFirstFile: The system cannot find the path specified. (0x3)
[1102/100625.325:ERROR:directory_reader_win.cc(43)] FindFirstFile: The system cannot find the path specified. (0x3)
[1102/101942.244:ERROR:directory_reader_win.cc(43)] FindFirstFile: The system cannot find the path specified. (0x3)
[1102/103529.781:ERROR:directory_reader_win.cc(43)] FindFirstFile: The system cannot find the path specified. (0x3)
[1102/104843.242:ERROR:directory_reader_win.cc(43)] FindFirstFile: The system cannot find the path specified. (0x3)
[1102/110137.890:ERROR:directory_reader_win.cc(43)] FindFirstFile: The system cannot find the path specified. (0x3)
[1102/113001.963:ERROR:directory_reader_win.cc(43)] FindFirstFile: The system cannot find the path specified. (0x3)
[1102/115703.782:ERROR:directory_reader_win.cc(43)] FindFirstFile: The system cannot find the path specified. (0x3)
[1102/122448.714:ERROR:directory_reader_win.cc(43)] FindFirstFile: The system cannot find the path specified. (0x3)
[1102/130755.084:ERROR:directory_reader_win.cc(43)] FindFirstFile: The system cannot find the path specified. (0x3)
[1102/134953.698:ERROR:directory_reader_win.cc(43)] FindFirstFile: The system cannot find the path specified. (0x3)
[1102/141643.080:ERROR:directory_reader_win.cc(43)] FindFirstFile: The system cannot find the path specified. (0x3)
[1102/144215.683:ERROR:directory_reader_win.cc(43)] FindFirstFile: The system cannot find the path specified. (0x3)
[1102/162153.455:ERROR:directory_reader_win.cc(43)] FindFirstFile: The system cannot find the path specified. (0x3)
[1102/164901.347:ERROR:directory_reader_win.cc(43)] FindFirstFile: The system cannot find the path specified. (0x3)
[1102/171521.862:ERROR:directory_reader_win.cc(43)] FindFirstFile: The system cannot find the path specified. (0x3)
[1102/175304.680:ERROR:directory_reader_win.cc(43)] FindFirstFile: The system cannot find the path specified. (0x3)
[1102/180454.466:ERROR:directory_reader_win.cc(43)] FindFirstFile: The system cannot find the path specified. (0x3)
[1102/185531.335:ERROR:directory_reader_win.cc(43)] FindFirstFile: The system cannot find the path specified. (0x3)
[1102/185809.396:ERROR:process_memory_win.cc(73)] ReadMemory at 0xef51df4000 of 49152 bytes failed: Only part of a ReadProcessMemory or WriteProcessMemory request was completed. (0x12B)
[1102/185809.397:ERROR:process_memory_win.cc(73)] ReadMemory at 0xef525fe000 of 8192 bytes failed: Only part of a ReadProcessMemory or WriteProcessMemory request was completed. (0x12B)
[1102/185809.398:ERROR:process_memory_win.cc(73)] ReadMemory at 0xef52dfe000 of 8192 bytes failed: Only part of a ReadProcessMemory or WriteProcessMemory request was completed. (0x12B)
[1102/185809.398:ERROR:process_memory_win.cc(73)] ReadMemory at 0xef535fe000 of 8192 bytes failed: Only part of a ReadProcessMemory or WriteProcessMemory request was completed. (0x12B)
[1102/185809.398:ERROR:process_memory_win.cc(73)] ReadMemory at 0xef53dfd000 of 12288 bytes failed: Only part of a ReadProcessMemory or WriteProcessMemory request was completed. (0x12B)
[1102/185809.398:ERROR:process_memory_win.cc(73)] ReadMemory at 0xef545ff000 of 4096 bytes failed: Only part of a ReadProcessMemory or WriteProcessMemory request was completed. (0x12B)
[1102/185809.398:ERROR:process_memory_win.cc(73)] ReadMemory at 0xef54dfe000 of 8192 bytes failed: Only part of a ReadProcessMemory or WriteProcessMemory request was completed. (0x12B)
[1102/185809.398:ERROR:process_memory_win.cc(73)] ReadMemory at 0xef555fe000 of 8192 bytes failed: Only part of a ReadProcessMemory or WriteProcessMemory request was completed. (0x12B)
[1102/185809.398:ERROR:process_memory_win.cc(73)] ReadMemory at 0xef55dfd000 of 12288 bytes failed: Only part of a ReadProcessMemory or WriteProcessMemory request was completed. (0x12B)
[1102/185809.399:ERROR:process_memory_win.cc(73)] ReadMemory at 0xef565fd000 of 12288 bytes failed: Only part of a ReadProcessMemory or WriteProcessMemory request was completed. (0x12B)
[1102/185809.399:ERROR:process_memory_win.cc(73)] ReadMemory at 0xef575fe000 of 8192 bytes failed: Only part of a ReadProcessMemory or WriteProcessMemory request was completed. (0x12B)
[1102/185809.399:ERROR:process_memory_win.cc(73)] ReadMemory at 0xef56dfe000 of 8192 bytes failed: Only part of a ReadProcessMemory or WriteProcessMemory request was completed. (0x12B)
[1102/185809.399:ERROR:process_memory_win.cc(73)] ReadMemory at 0xef57dfe000 of 8192 bytes failed: Only part of a ReadProcessMemory or WriteProcessMemory request was completed. (0x12B)
[1102/185809.399:ERROR:process_memory_win.cc(73)] ReadMemory at 0xef585fe000 of 8192 bytes failed: Only part of a ReadProcessMemory or WriteProcessMemory request was completed. (0x12B)
[1102/185809.400:ERROR:process_memory_win.cc(73)] ReadMemory at 0xef51436000 of 852 bytes failed: Only part of a ReadProcessMemory or WriteProcessMemory request was completed. (0x12B)
[1102/185809.400:ERROR:process_memory_win.cc(73)] ReadMemory at 0xef51437000 of 6024 bytes failed: Only part of a ReadProcessMemory or WriteProcessMemory request was completed. (0x12B)
[1102/185809.400:ERROR:process_memory_win.cc(73)] ReadMemory at 0xef51439000 of 6024 bytes failed: Only part of a ReadProcessMemory or WriteProcessMemory request was completed. (0x12B)
[1102/185809.400:ERROR:process_memory_win.cc(73)] ReadMemory at 0xef5143b000 of 6024 bytes failed: Only part of a ReadProcessMemory or WriteProcessMemory request was completed. (0x12B)
[1102/185809.401:ERROR:process_memory_win.cc(73)] ReadMemory at 0xef5143d000 of 6024 bytes failed: Only part of a ReadProcessMemory or WriteProcessMemory request was completed. (0x12B)
[1102/185809.401:ERROR:process_memory_win.cc(73)] ReadMemory at 0xef5143f000 of 6024 bytes failed: Only part of a ReadProcessMemory or WriteProcessMemory request was completed. (0x12B)
[1102/185809.401:ERROR:process_memory_win.cc(73)] ReadMemory at 0xef51441000 of 6024 bytes failed: Only part of a ReadProcessMemory or WriteProcessMemory request was completed. (0x12B)
[1102/185809.401:ERROR:process_memory_win.cc(73)] ReadMemory at 0xef51443000 of 6024 bytes failed: Only part of a ReadProcessMemory or WriteProcessMemory request was completed. (0x12B)
[1102/185809.401:ERROR:process_memory_win.cc(73)] ReadMemory at 0xef51445000 of 6024 bytes failed: Only part of a ReadProcessMemory or WriteProcessMemory request was completed. (0x12B)
[1102/185809.401:ERROR:process_memory_win.cc(73)] ReadMemory at 0xef51447000 of 6024 bytes failed: Only part of a ReadProcessMemory or WriteProcessMemory request was completed. (0x12B)
[1102/185809.401:ERROR:process_memory_win.cc(73)] ReadMemory at 0xef51449000 of 6024 bytes failed: Only part of a ReadProcessMemory or WriteProcessMemory request was completed. (0x12B)
[1102/185809.401:ERROR:process_memory_win.cc(73)] ReadMemory at 0xef5144b000 of 6024 bytes failed: Only part of a ReadProcessMemory or WriteProcessMemory request was completed. (0x12B)
[1102/185809.402:ERROR:process_memory_win.cc(73)] ReadMemory at 0xef5144d000 of 6024 bytes failed: Only part of a ReadProcessMemory or WriteProcessMemory request was completed. (0x12B)
[1102/185809.402:ERROR:process_memory_win.cc(73)] ReadMemory at 0xef5144f000 of 6024 bytes failed: Only part of a ReadProcessMemory or WriteProcessMemory request was completed. (0x12B)
[1102/185809.402:ERROR:process_memory_win.cc(73)] ReadMemory at 0xef51451000 of 6024 bytes failed: Only part of a ReadProcessMemory or WriteProcessMemory request was completed. (0x12B)
[1102/185809.402:ERROR:process_memory_win.cc(73)] ReadMemory at 0x29742fc0e80 of 704 bytes failed: Only part of a ReadProcessMemory or WriteProcessMemory request was completed. (0x12B)
[1102/185809.402:ERROR:process_memory_win.cc(73)] ReadMemory at 0x29742ff0000 of 384 bytes failed: Only part of a ReadProcessMemory or WriteProcessMemory request was completed. (0x12B)
[1102/185809.402:ERROR:process_memory_win.cc(73)] ReadMemory at 0x29742ff0fe0 of 7630 bytes failed: Only part of a ReadProcessMemory or WriteProcessMemory request was completed. (0x12B)
[1102/185809.403:ERROR:process_memory_win.cc(73)] ReadMemory at 0x29742ff2dc0 of 1012 bytes failed: Only part of a ReadProcessMemory or WriteProcessMemory request was completed. (0x12B)
[1102/185809.403:ERROR:process_memory_win.cc(73)] ReadMemory at 0x29742ff3408 of 118 bytes failed: Only part of a ReadProcessMemory or WriteProcessMemory request was completed. (0x12B)
[1102/185809.403:ERROR:process_memory_win.cc(73)] ReadMemory at 0x29742ff3480 of 1218 bytes failed: Only part of a ReadProcessMemory or WriteProcessMemory request was completed. (0x12B)
[1102/185809.403:ERROR:process_memory_win.cc(73)] ReadMemory at 0x29742ff3944 of 118 bytes failed: Only part of a ReadProcessMemory or WriteProcessMemory request was completed. (0x12B)
[1102/185809.403:ERROR:process_memory_win.cc(73)] ReadMemory at 0x29742ff39bc of 102 bytes failed: Only part of a ReadProcessMemory or WriteProcessMemory request was completed. (0x12B)
[1102/185809.403:ERROR:process_memory_win.cc(73)] ReadMemory at 0x29742ff3a30 of 58 bytes failed: Only part of a ReadProcessMemory or WriteProcessMemory request was completed. (0x12B)
[1102/185809.403:ERROR:process_memory_win.cc(73)] ReadMemory at 0x29742ff3b30 of 132 bytes failed: Only part of a ReadProcessMemory or WriteProcessMemory request was completed. (0x12B)
[1102/185809.403:ERROR:process_memory_win.cc(73)] ReadMemory at 0x29742ff3cc0 of 132 bytes failed: Only part of a ReadProcessMemory or WriteProcessMemory request was completed. (0x12B)
[1102/185809.403:ERROR:process_memory_win.cc(73)] ReadMemory at 0x29742ff3e80 of 126 bytes failed: Only part of a ReadProcessMemory or WriteProcessMemory request was completed. (0x12B)
[1102/185809.404:ERROR:process_memory_win.cc(73)] ReadMemory at 0x29742ff4380 of 132 bytes failed: Only part of a ReadProcessMemory or WriteProcessMemory request was completed. (0x12B)
[1102/185809.404:ERROR:process_memory_win.cc(73)] ReadMemory at 0x29742ff4510 of 64 bytes failed: Only part of a ReadProcessMemory or WriteProcessMemory request was completed. (0x12B)
[1102/185809.404:ERROR:process_memory_win.cc(73)] ReadMemory at 0x29742ff46d0 of 132 bytes failed: Only part of a ReadProcessMemory or WriteProcessMemory request was completed. (0x12B)
[1102/185809.404:ERROR:process_memory_win.cc(73)] ReadMemory at 0x29742ff4970 of 132 bytes failed: Only part of a ReadProcessMemory or WriteProcessMemory request was completed. (0x12B)
[1102/185809.404:ERROR:process_memory_win.cc(73)] ReadMemory at 0x29742ff4b00 of 68 bytes failed: Only part of a ReadProcessMemory or WriteProcessMemory request was completed. (0x12B)
[1102/185809.404:ERROR:process_memory_win.cc(73)] ReadMemory at 0x29742ff5cb0 of 132 bytes failed: Only part of a ReadProcessMemory or WriteProcessMemory request was completed. (0x12B)
[1102/185809.404:ERROR:process_memory_win.cc(73)] ReadMemory at 0x29742ff5e40 of 154 bytes failed: Only part of a ReadProcessMemory or WriteProcessMemory request was completed. (0x12B)
[1102/185809.404:ERROR:process_memory_win.cc(73)] ReadMemory at 0x29742ff7bf0 of 62 bytes failed: Only part of a ReadProcessMemory or WriteProcessMemory request was completed. (0x12B)
[1102/185809.404:ERROR:process_memory_win.cc(73)] ReadMemory at 0x29742ff7de0 of 132 bytes failed: Only part of a ReadProcessMemory or WriteProcessMemory request was completed. (0x12B)
[1102/185809.404:ERROR:process_memory_win.cc(73)] ReadMemory at 0x29742ff7f10 of 60 bytes failed: Only part of a ReadProcessMemory or WriteProcessMemory request was completed. (0x12B)
[1102/185809.405:ERROR:process_memory_win.cc(73)] ReadMemory at 0x29742ffd060 of 62 bytes failed: Only part of a ReadProcessMemory or WriteProcessMemory request was completed. (0x12B)
[1102/185809.405:ERROR:process_memory_win.cc(73)] ReadMemory at 0x29743001160 of 80 bytes failed: Only part of a ReadProcessMemory or WriteProcessMemory request was completed. (0x12B)
[1102/185809.405:ERROR:process_memory_win.cc(73)] ReadMemory at 0x29743004fa0 of 132 bytes failed: Only part of a ReadProcessMemory or WriteProcessMemory request was completed. (0x12B)
[1102/185809.405:ERROR:process_memory_win.cc(73)] ReadMemory at 0x297430051b0 of 132 bytes failed: Only part of a ReadProcessMemory or WriteProcessMemory request was completed. (0x12B)
[1102/185809.405:ERROR:process_memory_win.cc(73)] ReadMemory at 0x29743005510 of 132 bytes failed: Only part of a ReadProcessMemory or WriteProcessMemory request was completed. (0x12B)
[1102/185809.405:ERROR:process_memory_win.cc(73)] ReadMemory at 0x29743005850 of 146 bytes failed: Only part of a ReadProcessMemory or WriteProcessMemory request was completed. (0x12B)
[1102/185809.405:ERROR:process_memory_win.cc(73)] ReadMemory at 0x29743005930 of 132 bytes failed: Only part of a ReadProcessMemory or WriteProcessMemory request was completed. (0x12B)
[1102/185809.405:ERROR:process_memory_win.cc(73)] ReadMemory at 0x29743005bd0 of 132 bytes failed: Only part of a ReadProcessMemory or WriteProcessMemory request was completed. (0x12B)
[1102/185809.405:ERROR:process_memory_win.cc(73)] ReadMemory at 0x29743005d00 of 132 bytes failed: Only part of a ReadProcessMemory or WriteProcessMemory request was completed. (0x12B)
[1102/185809.405:ERROR:process_memory_win.cc(73)] ReadMemory at 0x29743006e10 of 132 bytes failed: Only part of a ReadProcessMemory or WriteProcessMemory request was completed. (0x12B)
[1102/185809.406:ERROR:process_memory_win.cc(73)] ReadMemory at 0x29743008f50 of 132 bytes failed: Only part of a ReadProcessMemory or WriteProcessMemory request was completed. (0x12B)
[1102/185809.406:ERROR:process_memory_win.cc(73)] ReadMemory at 0x29743009080 of 132 bytes failed: Only part of a ReadProcessMemory or WriteProcessMemory request was completed. (0x12B)
[1102/185809.406:ERROR:process_memory_win.cc(73)] ReadMemory at 0x297430091b0 of 132 bytes failed: Only part of a ReadProcessMemory or WriteProcessMemory request was completed. (0x12B)
[1102/185809.406:ERROR:process_memory_win.cc(73)] ReadMemory at 0x297430092e0 of 132 bytes failed: Only part of a ReadProcessMemory or WriteProcessMemory request was completed. (0x12B)
[1102/185809.406:ERROR:process_memory_win.cc(73)] ReadMemory at 0x29743009540 of 132 bytes failed: Only part of a ReadProcessMemory or WriteProcessMemory request was completed. (0x12B)
[1102/185809.406:ERROR:process_memory_win.cc(73)] ReadMemory at 0x29743009670 of 132 bytes failed: Only part of a ReadProcessMemory or WriteProcessMemory request was completed. (0x12B)
[1102/185809.406:ERROR:process_memory_win.cc(73)] ReadMemory at 0x297430097a0 of 132 bytes failed: Only part of a ReadProcessMemory or WriteProcessMemory request was completed. (0x12B)
[1102/185809.406:ERROR:process_memory_win.cc(73)] ReadMemory at 0x297430098d0 of 132 bytes failed: Only part of a ReadProcessMemory or WriteProcessMemory request was completed. (0x12B)
[1102/185809.407:ERROR:process_memory_win.cc(73)] ReadMemory at 0x29743009a00 of 132 bytes failed: Only part of a ReadProcessMemory or WriteProcessMemory request was completed. (0x12B)
[1102/185809.407:ERROR:process_memory_win.cc(73)] ReadMemory at 0x29743009b30 of 132 bytes failed: Only part of a ReadProcessMemory or WriteProcessMemory request was completed. (0x12B)
[1102/185809.407:ERROR:process_memory_win.cc(73)] ReadMemory at 0x29743009c60 of 132 bytes failed: Only part of a ReadProcessMemory or WriteProcessMemory request was completed. (0x12B)
[1102/185809.407:ERROR:process_memory_win.cc(73)] ReadMemory at 0x29743009d90 of 132 bytes failed: Only part of a ReadProcessMemory or WriteProcessMemory request was completed. (0x12B)
[1102/185809.407:ERROR:process_memory_win.cc(73)] ReadMemory at 0x2974300b610 of 60 bytes failed: Only part of a ReadProcessMemory or WriteProcessMemory request was completed. (0x12B)
[1102/185809.407:ERROR:process_memory_win.cc(73)] ReadMemory at 0x2974300b660 of 62 bytes failed: Only part of a ReadProcessMemory or WriteProcessMemory request was completed. (0x12B)
[1102/185809.407:ERROR:process_memory_win.cc(73)] ReadMemory at 0x2974300b700 of 62 bytes failed: Only part of a ReadProcessMemory or WriteProcessMemory request was completed. (0x12B)
[1102/185809.407:ERROR:process_memory_win.cc(73)] ReadMemory at 0x2974300b7f0 of 64 bytes failed: Only part of a ReadProcessMemory or WriteProcessMemory request was completed. (0x12B)
[1102/185809.407:ERROR:process_memory_win.cc(73)] ReadMemory at 0x2974300b8e0 of 64 bytes failed: Only part of a ReadProcessMemory or WriteProcessMemory request was completed. (0x12B)
[1102/185809.407:ERROR:process_memory_win.cc(73)] ReadMemory at 0x2974300b930 of 60 bytes failed: Only part of a ReadProcessMemory or WriteProcessMemory request was completed. (0x12B)
[1102/185809.408:ERROR:process_memory_win.cc(73)] ReadMemory at 0x2974300b980 of 60 bytes failed: Only part of a ReadProcessMemory or WriteProcessMemory request was completed. (0x12B)
[1102/185809.408:ERROR:process_memory_win.cc(73)] ReadMemory at 0x2974300b9d0 of 62 bytes failed: Only part of a ReadProcessMemory or WriteProcessMemory request was completed. (0x12B)
[1102/185809.408:ERROR:process_memory_win.cc(73)] ReadMemory at 0x2974300ba20 of 58 bytes failed: Only part of a ReadProcessMemory or WriteProcessMemory request was completed. (0x12B)
[1102/185809.408:ERROR:process_memory_win.cc(73)] ReadMemory at 0x2974300ba70 of 64 bytes failed: Only part of a ReadProcessMemory or WriteProcessMemory request was completed. (0x12B)
[1102/185809.408:ERROR:process_memory_win.cc(73)] ReadMemory at 0x2974300bbb0 of 64 bytes failed: Only part of a ReadProcessMemory or WriteProcessMemory request was completed. (0x12B)
[1102/185809.408:ERROR:process_memory_win.cc(73)] ReadMemory at 0x2974300bc00 of 62 bytes failed: Only part of a ReadProcessMemory or WriteProcessMemory request was completed. (0x12B)
[1102/185809.408:ERROR:process_memory_win.cc(73)] ReadMemory at 0x2974300bd40 of 66 bytes failed: Only part of a ReadProcessMemory or WriteProcessMemory request was completed. (0x12B)
[1102/185809.408:ERROR:process_memory_win.cc(73)] ReadMemory at 0x2974300bd90 of 62 bytes failed: Only part of a ReadProcessMemory or WriteProcessMemory request was completed. (0x12B)
[1102/185809.408:ERROR:process_memory_win.cc(73)] ReadMemory at 0x2974300bde0 of 64 bytes failed: Only part of a ReadProcessMemory or WriteProcessMemory request was completed. (0x12B)
[1102/185809.408:ERROR:process_memory_win.cc(73)] ReadMemory at 0x2974300be30 of 60 bytes failed: Only part of a ReadProcessMemory or WriteProcessMemory request was completed. (0x12B)
[1102/185809.409:ERROR:process_memory_win.cc(73)] ReadMemory at 0x2974300bed0 of 62 bytes failed: Only part of a ReadProcessMemory or WriteProcessMemory request was completed. (0x12B)
[1102/185809.409:ERROR:process_memory_win.cc(73)] ReadMemory at 0x2974300c010 of 60 bytes failed: Only part of a ReadProcessMemory or WriteProcessMemory request was completed. (0x12B)
[1102/185809.409:ERROR:process_memory_win.cc(73)] ReadMemory at 0x2974300c100 of 62 bytes failed: Only part of a ReadProcessMemory or WriteProcessMemory request was completed. (0x12B)
[1102/185809.409:ERROR:process_memory_win.cc(73)] ReadMemory at 0x2974300c150 of 66 bytes failed: Only part of a ReadProcessMemory or WriteProcessMemory request was completed. (0x12B)
[1102/185809.409:ERROR:process_memory_win.cc(73)] ReadMemory at 0x2974300c290 of 62 bytes failed: Only part of a ReadProcessMemory or WriteProcessMemory request was completed. (0x12B)
[1102/185809.409:ERROR:process_memory_win.cc(73)] ReadMemory at 0x2974300c2e0 of 64 bytes failed: Only part of a ReadProcessMemory or WriteProcessMemory request was completed. (0x12B)
[1102/185809.409:ERROR:process_memory_win.cc(73)] ReadMemory at 0x2974300c330 of 64 bytes failed: Only part of a ReadProcessMemory or WriteProcessMemory request was completed. (0x12B)
[1102/185809.409:ERROR:process_memory_win.cc(73)] ReadMemory at 0x2974300c380 of 64 bytes failed: Only part of a ReadProcessMemory or WriteProcessMemory request was completed. (0x12B)
[1102/185809.409:ERROR:process_memory_win.cc(73)] ReadMemory at 0x2974300c470 of 62 bytes failed: Only part of a ReadProcessMemory or WriteProcessMemory request was completed. (0x12B)
[1102/185809.409:ERROR:process_memory_win.cc(73)] ReadMemory at 0x2974300c4c0 of 60 bytes failed: Only part of a ReadProcessMemory or WriteProcessMemory request was completed. (0x12B)
[1102/185809.410:ERROR:process_memory_win.cc(73)] ReadMemory at 0x2974300db50 of 54 bytes failed: Only part of a ReadProcessMemory or WriteProcessMemory request was completed. (0x12B)
[1102/185809.410:ERROR:process_memory_win.cc(73)] ReadMemory at 0x29743010080 of 132 bytes failed: Only part of a ReadProcessMemory or WriteProcessMemory request was completed. (0x12B)
[1102/185809.410:ERROR:process_memory_win.cc(73)] ReadMemory at 0x297430102a0 of 132 bytes failed: Only part of a ReadProcessMemory or WriteProcessMemory request was completed. (0x12B)
[1102/185809.410:ERROR:process_memory_win.cc(73)] ReadMemory at 0x29743014e20 of 132 bytes failed: Only part of a ReadProcessMemory or WriteProcessMemory request was completed. (0x12B)
[1102/185809.410:ERROR:process_memory_win.cc(73)] ReadMemory at 0x297430154e0 of 76 bytes failed: Only part of a ReadProcessMemory or WriteProcessMemory request was completed. (0x12B)
[1102/185809.410:ERROR:process_memory_win.cc(73)] ReadMemory at 0x297430159c0 of 80 bytes failed: Only part of a ReadProcessMemory or WriteProcessMemory request was completed. (0x12B)
[1102/185809.410:ERROR:process_memory_win.cc(73)] ReadMemory at 0x29743015fb0 of 132 bytes failed: Only part of a ReadProcessMemory or WriteProcessMemory request was completed. (0x12B)
[1102/185809.410:ERROR:process_memory_win.cc(73)] ReadMemory at 0x297430160e0 of 132 bytes failed: Only part of a ReadProcessMemory or WriteProcessMemory request was completed. (0x12B)
[1102/185809.410:ERROR:process_memory_win.cc(73)] ReadMemory at 0x29743016210 of 132 bytes failed: Only part of a ReadProcessMemory or WriteProcessMemory request was completed. (0x12B)
[1102/185809.411:ERROR:process_memory_win.cc(73)] ReadMemory at 0x29743016340 of 132 bytes failed: Only part of a ReadProcessMemory or WriteProcessMemory request was completed. (0x12B)
[1102/185809.411:ERROR:process_memory_win.cc(73)] ReadMemory at 0x29743016470 of 132 bytes failed: Only part of a ReadProcessMemory or WriteProcessMemory request was completed. (0x12B)
[1102/185809.411:ERROR:process_memory_win.cc(73)] ReadMemory at 0x29743016800 of 132 bytes failed: Only part of a ReadProcessMemory or WriteProcessMemory request was completed. (0x12B)
[1102/185809.411:ERROR:process_memory_win.cc(73)] ReadMemory at 0x29743016a60 of 132 bytes failed: Only part of a ReadProcessMemory or WriteProcessMemory request was completed. (0x12B)
[1102/185809.411:ERROR:process_memory_win.cc(73)] ReadMemory at 0x29743016b90 of 132 bytes failed: Only part of a ReadProcessMemory or WriteProcessMemory request was completed. (0x12B)
[1102/185809.411:ERROR:process_memory_win.cc(73)] ReadMemory at 0x29743016cc0 of 132 bytes failed: Only part of a ReadProcessMemory or WriteProcessMemory request was completed. (0x12B)
[1102/185809.411:ERROR:process_memory_win.cc(73)] ReadMemory at 0x29743016df0 of 132 bytes failed: Only part of a ReadProcessMemory or WriteProcessMemory request was completed. (0x12B)
[1102/185809.411:ERROR:process_memory_win.cc(73)] ReadMemory at 0x29743016f20 of 132 bytes failed: Only part of a ReadProcessMemory or WriteProcessMemory request was completed. (0x12B)
[1102/185809.411:ERROR:process_memory_win.cc(73)] ReadMemory at 0x29743017050 of 132 bytes failed: Only part of a ReadProcessMemory or WriteProcessMemory request was completed. (0x12B)
[1102/185809.411:ERROR:process_memory_win.cc(73)] ReadMemory at 0x29743017180 of 132 bytes failed: Only part of a ReadProcessMemory or WriteProcessMemory request was completed. (0x12B)
[1102/185809.412:ERROR:process_memory_win.cc(73)] ReadMemory at 0x297430172b0 of 132 bytes failed: Only part of a ReadProcessMemory or WriteProcessMemory request was completed. (0x12B)
[1102/185809.412:ERROR:process_memory_win.cc(73)] ReadMemory at 0x297430173e0 of 132 bytes failed: Only part of a ReadProcessMemory or WriteProcessMemory request was completed. (0x12B)
[1102/185809.412:ERROR:process_memory_win.cc(73)] ReadMemory at 0x29743017510 of 132 bytes failed: Only part of a ReadProcessMemory or WriteProcessMemory request was completed. (0x12B)
[1102/185809.412:ERROR:process_memory_win.cc(73)] ReadMemory at 0x29743017640 of 132 bytes failed: Only part of a ReadProcessMemory or WriteProcessMemory request was completed. (0x12B)
[1102/185809.412:ERROR:process_memory_win.cc(73)] ReadMemory at 0x29743017770 of 132 bytes failed: Only part of a ReadProcessMemory or WriteProcessMemory request was completed. (0x12B)
[1102/185809.412:ERROR:process_memory_win.cc(73)] ReadMemory at 0x297430178a0 of 132 bytes failed: Only part of a ReadProcessMemory or WriteProcessMemory request was completed. (0x12B)
[1102/185809.412:ERROR:process_memory_win.cc(73)] ReadMemory at 0x297430179d0 of 132 bytes failed: Only part of a ReadProcessMemory or WriteProcessMemory request was completed. (0x12B)
[1102/185809.412:ERROR:process_memory_win.cc(73)] ReadMemory at 0x29743017b00 of 132 bytes failed: Only part of a ReadProcessMemory or WriteProcessMemory request was completed. (0x12B)
[1102/185809.412:ERROR:process_memory_win.cc(73)] ReadMemory at 0x29743032110 of 512 bytes failed: Only part of a ReadProcessMemory or WriteProcessMemory request was completed. (0x12B)
[1102/185809.412:ERROR:process_memory_win.cc(73)] ReadMemory at 0x2974303aef0 of 64 bytes failed: Only part of a ReadProcessMemory or WriteProcessMemory request was completed. (0x12B)
[1102/185809.412:ERROR:process_memory_win.cc(73)] ReadMemory at 0x2974303b120 of 60 bytes failed: Only part of a ReadProcessMemory or WriteProcessMemory request was completed. (0x12B)
[1102/185809.413:ERROR:process_memory_win.cc(73)] ReadMemory at 0x2974303b210 of 58 bytes failed: Only part of a ReadProcessMemory or WriteProcessMemory request was completed. (0x12B)
[1102/185809.413:ERROR:process_memory_win.cc(73)] ReadMemory at 0x2974303b260 of 58 bytes failed: Only part of a ReadProcessMemory or WriteProcessMemory request was completed. (0x12B)
[1102/185809.413:ERROR:process_memory_win.cc(73)] ReadMemory at 0x2974303b2b0 of 58 bytes failed: Only part of a ReadProcessMemory or WriteProcessMemory request was completed. (0x12B)
[1102/185809.413:ERROR:process_memory_win.cc(73)] ReadMemory at 0x2974303b530 of 66 bytes failed: Only part of a ReadProcessMemory or WriteProcessMemory request was completed. (0x12B)
[1102/185809.413:ERROR:process_memory_win.cc(73)] ReadMemory at 0x2974303bb70 of 62 bytes failed: Only part of a ReadProcessMemory or WriteProcessMemory request was completed. (0x12B)
[1102/185809.413:ERROR:process_memory_win.cc(73)] ReadMemory at 0x2974303bbc0 of 62 bytes failed: Only part of a ReadProcessMemory or WriteProcessMemory request was completed. (0x12B)
[1102/185809.413:ERROR:process_memory_win.cc(73)] ReadMemory at 0x2974303bd00 of 62 bytes failed: Only part of a ReadProcessMemory or WriteProcessMemory request was completed. (0x12B)
[1102/185809.413:ERROR:process_memory_win.cc(73)] ReadMemory at 0x2974303be40 of 60 bytes failed: Only part of a ReadProcessMemory or WriteProcessMemory request was completed. (0x12B)
[1102/185809.413:ERROR:process_memory_win.cc(73)] ReadMemory at 0x29743046ca0 of 78 bytes failed: Only part of a ReadProcessMemory or WriteProcessMemory request was completed. (0x12B)
[1102/185809.414:ERROR:process_memory_win.cc(73)] ReadMemory at 0x29743056da0 of 512 bytes failed: Only part of a ReadProcessMemory or WriteProcessMemory request was completed. (0x12B)
[1102/185809.414:ERROR:process_memory_win.cc(73)] ReadMemory at 0x29743074510 of 512 bytes failed: Only part of a ReadProcessMemory or WriteProcessMemory request was completed. (0x12B)
[1102/185809.414:ERROR:process_memory_win.cc(73)] ReadMemory at 0x29743075b90 of 512 bytes failed: Only part of a ReadProcessMemory or WriteProcessMemory request was completed. (0x12B)
[1102/185809.414:ERROR:process_memory_win.cc(73)] ReadMemory at 0x29743075e10 of 512 bytes failed: Only part of a ReadProcessMemory or WriteProcessMemory request was completed. (0x12B)
[1102/185809.414:ERROR:process_memory_win.cc(73)] ReadMemory at 0x2974307f130 of 512 bytes failed: Only part of a ReadProcessMemory or WriteProcessMemory request was completed. (0x12B)
[1102/185809.414:ERROR:process_memory_win.cc(73)] ReadMemory at 0x29743080e20 of 712 bytes failed: Only part of a ReadProcessMemory or WriteProcessMemory request was completed. (0x12B)
[1102/185809.414:ERROR:process_memory_win.cc(73)] ReadMemory at 0x29744d00000 of 640 bytes failed: Only part of a ReadProcessMemory or WriteProcessMemory request was completed. (0x12B)
[1102/185809.414:ERROR:process_memory_win.cc(73)] ReadMemory at 0x29744d01f00 of 512 bytes failed: Only part of a ReadProcessMemory or WriteProcessMemory request was completed. (0x12B)
[1102/185809.414:ERROR:process_memory_win.cc(73)] ReadMemory at 0x29744d03696 of 896 bytes failed: Only part of a ReadProcessMemory or WriteProcessMemory request was completed. (0x12B)
[1102/185809.414:ERROR:process_memory_win.cc(73)] ReadMemory at 0x29744d5ded0 of 512 bytes failed: Only part of a ReadProcessMemory or WriteProcessMemory request was completed. (0x12B)
[1102/185809.415:ERROR:process_memory_win.cc(73)] ReadMemory at 0x29744d652c0 of 512 bytes failed: Only part of a ReadProcessMemory or WriteProcessMemory request was completed. (0x12B)
[1102/185809.415:ERROR:process_memory_win.cc(73)] ReadMemory at 0x29744d83260 of 512 bytes failed: Only part of a ReadProcessMemory or WriteProcessMemory request was completed. (0x12B)
[1102/185809.415:ERROR:process_memory_win.cc(73)] ReadMemory at 0x29744db7fb8 of 512 bytes failed: Only part of a ReadProcessMemory or WriteProcessMemory request was completed. (0x12B)
[1102/185809.415:ERROR:process_memory_win.cc(73)] ReadMemory at 0x29744db85e8 of 512 bytes failed: Only part of a ReadProcessMemory or WriteProcessMemory request was completed. (0x12B)
[1102/185809.415:ERROR:process_memory_win.cc(73)] ReadMemory at 0x29744db89d8 of 512 bytes failed: Only part of a ReadProcessMemory or WriteProcessMemory request was completed. (0x12B)
[1102/185809.415:ERROR:process_memory_win.cc(73)] ReadMemory at 0x297450f3f50 of 512 bytes failed: Only part of a ReadProcessMemory or WriteProcessMemory request was completed. (0x12B)
[1102/185809.415:ERROR:process_memory_win.cc(73)] ReadMemory at 0x8f3db2b1788 of 512 bytes failed: Only part of a ReadProcessMemory or WriteProcessMemory request was completed. (0x12B)
[1102/185809.415:ERROR:process_memory_win.cc(73)] ReadMemory at 0x7ffc08573e80 of 512 bytes failed: Only part of a ReadProcessMemory or WriteProcessMemory request was completed. (0x12B)
[1102/185809.415:ERROR:process_memory_win.cc(73)] ReadMemory at 0x7ffc0a25c370 of 512 bytes failed: Only part of a ReadProcessMemory or WriteProcessMemory request was completed. (0x12B)
[1102/185809.415:ERROR:process_memory_win.cc(73)] ReadMemory at 0x7ffc0a62019c of 512 bytes failed: Only part of a ReadProcessMemory or WriteProcessMemory request was completed. (0x12B)
[1102/185809.416:ERROR:process_memory_win.cc(73)] ReadMemory at 0x7ffc0bf35323 of 512 bytes failed: Only part of a ReadProcessMemory or WriteProcessMemory request was completed. (0x12B)
[1102/185809.420:ERROR:filesystem_win.cc(129)] GetFileAttributes C:\Users\User\AppData\Local\Temp\scoped_dir14472_168839905\Crashpad\attachments\9f3c11fc-1bbb-4a59-9627-f3c829b0c147: The system cannot find the path specified. (0x3)
[1102/185809.418:ERROR:scoped_process_suspend.cc(40)] NtResumeProcess: An attempt was made to access an exiting process. (0xc000010a)
[1102/190635.458:ERROR:directory_reader_win.cc(43)] FindFirstFile: The system cannot find the path specified. (0x3)
[1102/193329.626:ERROR:directory_reader_win.cc(43)] FindFirstFile: The system cannot find the path specified. (0x3)
[1102/200906.908:ERROR:directory_reader_win.cc(43)] FindFirstFile: The system cannot find the path specified. (0x3)
[1102/210118.949:ERROR:directory_reader_win.cc(43)] FindFirstFile: The system cannot find the path specified. (0x3)
[1102/211503.509:ERROR:directory_reader_win.cc(43)] FindFirstFile: The system cannot find the path specified. (0x3)
[1102/220537.502:ERROR:directory_reader_win.cc(43)] FindFirstFile: The system cannot find the path specified. (0x3)
[1102/230756.233:ERROR:directory_reader_win.cc(43)] FindFirstFile: The system cannot find the path specified. (0x3)
[1103/091446.986:ERROR:directory_reader_win.cc(43)] FindFirstFile: The system cannot find the path specified. (0x3)
[1103/094139.844:ERROR:directory_reader_win.cc(43)] FindFirstFile: The system cannot find the path specified. (0x3)
[1103/101055.532:ERROR:directory_reader_win.cc(43)] FindFirstFile: The system cannot find the path specified. (0x3)
[1103/104048.138:ERROR:directory_reader_win.cc(43)] FindFirstFile: The system cannot find the path specified. (0x3)
[1103/111437.912:ERROR:directory_reader_win.cc(43)] FindFirstFile: The system cannot find the path specified. (0x3)
[1103/112728.607:ERROR:directory_reader_win.cc(43)] FindFirstFile: The system cannot find the path specified. (0x3)
[1103/115320.210:ERROR:directory_reader_win.cc(43)] FindFirstFile: The system cannot find the path specified. (0x3)
[1103/124832.151:ERROR:directory_reader_win.cc(43)] FindFirstFile: The system cannot find the path specified. (0x3)
[1103/131435.232:ERROR:directory_reader_win.cc(43)] FindFirstFile: The system cannot find the path specified. (0x3)
[1103/133914.675:ERROR:directory_reader_win.cc(43)] FindFirstFile: The system cannot find the path specified. (0x3)
[1103/141725.145:ERROR:directory_reader_win.cc(43)] FindFirstFile: The system cannot find the path specified. (0x3)
[1103/155738.904:ERROR:directory_reader_win.cc(43)] FindFirstFile: The system cannot find the path specified. (0x3)
[1103/161324.523:ERROR:directory_reader_win.cc(43)] FindFirstFile: The system cannot find the path specified. (0x3)
[1103/165628.606:ERROR:directory_reader_win.cc(43)] FindFirstFile: The system cannot find the path specified. (0x3)
[1103/174827.884:ERROR:directory_reader_win.cc(43)] FindFirstFile: The system cannot find the path specified. (0x3)
[1103/182548.992:ERROR:directory_reader_win.cc(43)] FindFirstFile: The system cannot find the path specified. (0x3)
[1103/192411.459:ERROR:directory_reader_win.cc(43)] FindFirstFile: The system cannot find the path specified. (0x3)
[1103/202339.966:ERROR:directory_reader_win.cc(43)] FindFirstFile: The system cannot find the path specified. (0x3)
[1103/215156.035:ERROR:directory_reader_win.cc(43)] FindFirstFile: The system cannot find the path specified. (0x3)
[1103/234435.273:ERROR:directory_reader_win.cc(43)] FindFirstFile: The system cannot find the path specified. (0x3)
[1104/080714.237:ERROR:directory_reader_win.cc(43)] FindFirstFile: The system cannot find the path specified. (0x3)
[1104/091917.260:ERROR:directory_reader_win.cc(43)] FindFirstFile: The system cannot find the path specified. (0x3)
[1104/101502.834:ERROR:directory_reader_win.cc(43)] FindFirstFile: The system cannot find the path specified. (0x3)
[1104/104413.519:ERROR:directory_reader_win.cc(43)] FindFirstFile: The system cannot find the path specified. (0x3)
[1104/112909.533:ERROR:directory_reader_win.cc(43)] FindFirstFile: The system cannot find the path specified. (0x3)
[1104/123943.445:ERROR:directory_reader_win.cc(43)] FindFirstFile: The system cannot find the path specified. (0x3)
[1104/135715.680:ERROR:directory_reader_win.cc(43)] FindFirstFile: The system cannot find the path specified. (0x3)
[1104/150346.107:ERROR:directory_reader_win.cc(43)] FindFirstFile: The system cannot find the path specified. (0x3)
[1104/152222.154:ERROR:directory_reader_win.cc(43)] FindFirstFile: The system cannot find the path specified. (0x3)
[1104/163624.975:ERROR:directory_reader_win.cc(43)] FindFirstFile: The system cannot find the path specified. (0x3)
[1104/174549.762:ERROR:directory_reader_win.cc(43)] FindFirstFile: The system cannot find the path specified. (0x3)
[1104/201205.636:ERROR:directory_reader_win.cc(43)] FindFirstFile: The system cannot find the path specified. (0x3)
[1104/211557.425:ERROR:directory_reader_win.cc(43)] FindFirstFile: The system cannot find the path specified. (0x3)
[1104/215708.365:ERROR:directory_reader_win.cc(43)] FindFirstFile: The system cannot find the path specified. (0x3)
[1104/230358.176:ERROR:directory_reader_win.cc(43)] FindFirstFile: The system cannot find the path specified. (0x3)
[1105/100625.201:ERROR:directory_reader_win.cc(43)] FindFirstFile: The system cannot find the path specified. (0x3)
[1105/110326.819:ERROR:directory_reader_win.cc(43)] FindFirstFile: The system cannot find the path specified. (0x3)
[1105/121342.312:ERROR:directory_reader_win.cc(43)] FindFirstFile: The system cannot find the path specified. (0x3)
[1105/142124.106:ERROR:directory_reader_win.cc(43)] FindFirstFile: The system cannot find the path specified. (0x3)
[1105/152342.026:ERROR:directory_reader_win.cc(43)] FindFirstFile: The system cannot find the path specified. (0x3)
[1105/163222.392:ERROR:directory_reader_win.cc(43)] FindFirstFile: The system cannot find the path specified. (0x3)
[1105/172610.479:ERROR:directory_reader_win.cc(43)] FindFirstFile: The system cannot find the path specified. (0x3)
[1105/182757.576:ERROR:directory_reader_win.cc(43)] FindFirstFile: The system cannot find the path specified. (0x3)
[1105/193020.450:ERROR:directory_reader_win.cc(43)] FindFirstFile: The system cannot find the path specified. (0x3)
[1105/201657.750:ERROR:directory_reader_win.cc(43)] FindFirstFile: The system cannot find the path specified. (0x3)
[1105/212336.417:ERROR:directory_reader_win.cc(43)] FindFirstFile: The system cannot find the path specified. (0x3)
